Your overall score for this assignment is 8.43 out of 10.00

The code you submitted did not pass all of our tests: your submission achieved a score of
6.55 out of 8.00 in our tests.

In order to find bugs in your code, we advise to perform the following steps:
 - Take a close look at the test output that you can find below: it should point you to
   the part of your code that has bugs.
 - Run the tests that we provide with the handout on your code.
 - The tests we provide do not test your code in depth: they are very incomplete. In order
   to test more aspects of your code, write your own unit tests.
 - Take another very careful look at the assignment description. Try to find out if you
   misunderstood parts of it. While reading through the assignment, write more tests.

Below you can find a short feedback for every individual test that failed.

Our automated style checker tool found issues in your code with respect to coding style: it
computed a style score of 1.88 out of 2.00 for your submission. See below for detailed feedback.

======== LOG OF FAILED TESTS ========

Your solution achieved a testing score of 90 out of 110.
Below you can see a short feedback for every test that failed, indicating the reason
for the test failure and how many points you lost for each individual test.

[Test Description] filter and trending: tweets with 321 and 205 retweets
[Observed Error] org.scalatest.exceptions.TestFailedException: expected two trending tweets
  [exception was thrown] detailed error message in debug output section below
[Lost Points] 10

[Test Description] trending: google and apple tweets
[Observed Error] scala.NotImplementedError: an implementation is missing
  [exception was thrown] detailed error message in debug output section below
[Lost Points] 10

======== DEBUG OUTPUT OF TESTING TOOL ========

[test failure log] test name: filter and trending: tweets with 321 and 205 retweets
java.util.concurrent.ExecutionException: org.scalatest.exceptions.TestFailedException: expected two trending tweets
java.util.concurrent.FutureTask$Sync.innerGet(FutureTask.java:262)
java.util.concurrent.FutureTask.get(FutureTask.java:119)
grading.GradingSuite$class.timeoutTask(GradingSuite.scala:44)
objsets.TweetSetSuite.timeoutTask(TweetSetSuite.scala:11)
grading.GradingSuite$class.runWithoutPrivileges(GradingSuite.scala:85)
objsets.TweetSetSuite.runWithoutPrivileges(TweetSetSuite.scala:11)
grading.GradingSuite$$anonfun$test$1.apply$mcV$sp(GradingSuite.scala:95)
grading.GradingSuite$$anonfun$test$1.apply(GradingSuite.scala:95)
grading.GradingSuite$$anonfun$test$1.apply(GradingSuite.scala:95)
org.scalatest.FunSuite$$anon$1.apply(FunSuite.scala:1265)
org.scalatest.Suite$class.withFixture(Suite.scala:1974)
objsets.TweetSetSuite.withFixture(TweetSetSuite.scala:11)
org.scalatest.FunSuite$class.invokeWithFixture$1(FunSuite.scala:1262)
org.scalatest.FunSuite$$anonfun$runTest$1.apply(FunSuite.scala:1271)
org.scalatest.FunSuite$$anonfun$runTest$1.apply(FunSuite.scala:1271)
org.scalatest.SuperEngine.runTestImpl(Engine.scala:198)
org.scalatest.FunSuite$class.runTest(FunSuite.scala:1271)
objsets.TweetSetSuite.runTest(TweetSetSuite.scala:11)
org.scalatest.FunSuite$$anonfun$runTests$1.apply(FunSuite.scala:1304)
org.scalatest.FunSuite$$anonfun$runTests$1.apply(FunSuite.scala:1304)
org.scalatest.SuperEngine$$anonfun$org$scalatest$SuperEngine$$runTestsInBranch$1.apply(Engine.scala:260)
org.scalatest.SuperEngine$$anonfun$org$scalatest$SuperEngine$$runTestsInBranch$1.apply(Engine.scala:249)
scala.collection.immutable.List.foreach(List.scala:318)
org.scalatest.SuperEngine.org$scalatest$SuperEngine$$runTestsInBranch(Engine.scala:249)
org.scalatest.SuperEngine.runTestsImpl(Engine.scala:326)


[test failure log] test name: trending: google and apple tweets
java.util.concurrent.ExecutionException: scala.NotImplementedError: an implementation is missing
java.util.concurrent.FutureTask$Sync.innerGet(FutureTask.java:262)
java.util.concurrent.FutureTask.get(FutureTask.java:119)
grading.GradingSuite$class.timeoutTask(GradingSuite.scala:44)
objsets.TweetSetSuite.timeoutTask(TweetSetSuite.scala:11)
grading.GradingSuite$class.runWithoutPrivileges(GradingSuite.scala:85)
objsets.TweetSetSuite.runWithoutPrivileges(TweetSetSuite.scala:11)
grading.GradingSuite$$anonfun$test$1.apply$mcV$sp(GradingSuite.scala:95)
grading.GradingSuite$$anonfun$test$1.apply(GradingSuite.scala:95)
grading.GradingSuite$$anonfun$test$1.apply(GradingSuite.scala:95)
org.scalatest.FunSuite$$anon$1.apply(FunSuite.scala:1265)
org.scalatest.Suite$class.withFixture(Suite.scala:1974)
objsets.TweetSetSuite.withFixture(TweetSetSuite.scala:11)
org.scalatest.FunSuite$class.invokeWithFixture$1(FunSuite.scala:1262)
org.scalatest.FunSuite$$anonfun$runTest$1.apply(FunSuite.scala:1271)
org.scalatest.FunSuite$$anonfun$runTest$1.apply(FunSuite.scala:1271)
org.scalatest.SuperEngine.runTestImpl(Engine.scala:198)
org.scalatest.FunSuite$class.runTest(FunSuite.scala:1271)
objsets.TweetSetSuite.runTest(TweetSetSuite.scala:11)
org.scalatest.FunSuite$$anonfun$runTests$1.apply(FunSuite.scala:1304)
org.scalatest.FunSuite$$anonfun$runTests$1.apply(FunSuite.scala:1304)
org.scalatest.SuperEngine$$anonfun$org$scalatest$SuperEngine$$runTestsInBranch$1.apply(Engine.scala:260)
org.scalatest.SuperEngine$$anonfun$org$scalatest$SuperEngine$$runTestsInBranch$1.apply(Engine.scala:249)
scala.collection.immutable.List.foreach(List.scala:318)
org.scalatest.SuperEngine.org$scalatest$SuperEngine$$runTestsInBranch(Engine.scala:249)
org.scalatest.SuperEngine.runTestsImpl(Engine.scala:326)

======== CODING STYLE ISSUES ========

Checking file /home/ubuntu/progfun4/submission/src/main/scala/common/package.scala... OK!
Checking file /home/ubuntu/progfun4/submission/src/main/scala/objsets/TweetData.scala... OK!
Checking file /home/ubuntu/progfun4/submission/src/main/scala/objsets/TweetReader.scala... OK!
Checking file /home/ubuntu/progfun4/submission/src/main/scala/objsets/TweetSet.scala...
  1. warning at line 174 character 30:
     Avoid using null
  2. warning at line 59 character 4:
     Avoid mutable local variables
  3. warning at line 87 character 6:
     Avoid mutable local variables
  4. warning at line 157 character 4:
     Avoid mutable local variables
  5. warning at line 173 character 4:
     Avoid mutable local variables
  6. warning at line 174 character 4:
     Avoid mutable local variables
Processed 4 file(s)
Found 0 errors
Found 6 warnings
Consult the style guide at https://class.coursera.org/progfun-002/wiki/view?page=GradingPolicy